INFO:werkzeug: * Running on http://0.0.0.0:5000/ (Press CTRL+C to quit)
INFO:werkzeug: * Restarting with stat
WARNING:werkzeug: * Debugger is active!
INFO:werkzeug: * Debugger PIN: 449-678-323
INFO:werkzeug:10.10.41.79 - - [23/Feb/2022 12:18:34] "[37mGET / HTTP/1.1[0m" 200 -
INFO:werkzeug:10.10.41.79 - - [23/Feb/2022 12:18:34] "[37mGET /static/css/theme.css HTTP/1.1[0m" 200 -
INFO:werkzeug:10.10.41.79 - - [23/Feb/2022 12:18:34] "[37mGET /static/css/custom.css HTTP/1.1[0m" 200 -
INFO:werkzeug:10.10.41.79 - - [23/Feb/2022 12:18:34] "[37mGET /static/js/new_ajax_helper.js HTTP/1.1[0m" 200 -
INFO:werkzeug:10.10.41.79 - - [23/Feb/2022 12:18:34] "[37mGET /static/js/custom.js HTTP/1.1[0m" 200 -
INFO:werkzeug:10.10.41.79 - - [23/Feb/2022 12:18:37] "[33mGET /favicon.ico HTTP/1.1[0m" 404 -
INFO:flask_app:[{'email': 'admin@admin', 'userid': 1, 'password': 'admin', 'name': 'admin', 'permission': 'admin'}]
INFO:werkzeug:10.10.41.79 - - [23/Feb/2022 12:19:30] "[32mPOST / HTTP/1.1[0m" 302 -
INFO:werkzeug:10.10.41.79 - - [23/Feb/2022 12:19:30] "[37mGET /dashboard HTTP/1.1[0m" 200 -
INFO:werkzeug:10.10.41.79 - - [23/Feb/2022 12:19:31] "[37mGET /static/js/dashboard.js HTTP/1.1[0m" 200 -
INFO:werkzeug:10.10.41.79 - - [23/Feb/2022 12:19:31] "[37mGET /static/js/mapping.js HTTP/1.1[0m" 200 -
INFO:flask_app:LOADING CAMERA
INFO:root:CAMERA INTERFACE: Started Camera Thread
INFO:flask_app:FLASK APP: LOADING THE ROBOT
INFO:flask_app:BRICKPIINTERFACE: Starting thermal sensor thread
INFO:flask_app:FLASK APP: LOADING THE SOUND
INFO:flask_app:ULTRASONIC: get_sensor error: Invalid sensor data
INFO:werkzeug:10.10.41.79 - - [23/Feb/2022 12:20:03] "[37mPOST /robotload HTTP/1.1[0m" 200 -
INFO:flask_app:FLASK APP: READING CAMERA
INFO:werkzeug:10.10.41.79 - - [23/Feb/2022 12:20:03] "[37mGET /videofeed HTTP/1.1[0m" 200 -
INFO:flask_app:FLASK APP: SHUTDOWN EVERYTHING
INFO:flask_app:BRICKPIINTERFACE: Exiting the Thermal Sensor Thread
INFO:flask_app:Exiting
INFO:root:CAMERA INTERFACE: Exiting Camera Thread
INFO:werkzeug:10.10.41.79 - - [23/Feb/2022 12:20:52] "[37mPOST /robotshutdown HTTP/1.1[0m" 200 -
INFO:werkzeug: * Running on http://0.0.0.0:5000/ (Press CTRL+C to quit)
INFO:werkzeug: * Restarting with stat
WARNING:werkzeug: * Debugger is active!
INFO:werkzeug: * Debugger PIN: 449-678-323
INFO:werkzeug:192.168.0.179 - - [05/Apr/2022 20:53:34] "[37mGET / HTTP/1.1[0m" 200 -
INFO:werkzeug:192.168.0.179 - - [05/Apr/2022 20:53:35] "[37mGET /static/css/theme.css HTTP/1.1[0m" 200 -
INFO:werkzeug:192.168.0.179 - - [05/Apr/2022 20:53:35] "[37mGET /static/css/custom.css HTTP/1.1[0m" 200 -
INFO:werkzeug:192.168.0.179 - - [05/Apr/2022 20:53:35] "[37mGET /static/js/new_ajax_helper.js HTTP/1.1[0m" 200 -
INFO:werkzeug:192.168.0.179 - - [05/Apr/2022 20:53:35] "[37mGET /static/js/custom.js HTTP/1.1[0m" 200 -
INFO:werkzeug:192.168.0.179 - - [05/Apr/2022 20:53:36] "[33mGET /favicon.ico HTTP/1.1[0m" 404 -
INFO:flask_app:[{'password': 'admin', 'name': 'admin', 'email': 'admin@admin', 'permission': 'admin', 'userid': 1}]
INFO:werkzeug:192.168.0.179 - - [05/Apr/2022 20:53:56] "[32mPOST / HTTP/1.1[0m" 302 -
INFO:werkzeug:192.168.0.179 - - [05/Apr/2022 20:53:56] "[37mGET /dashboard HTTP/1.1[0m" 200 -
INFO:werkzeug:192.168.0.179 - - [05/Apr/2022 20:53:56] "[37mGET /static/js/dashboard.js HTTP/1.1[0m" 200 -
INFO:werkzeug:192.168.0.179 - - [05/Apr/2022 20:53:56] "[37mGET /static/js/mapping.js HTTP/1.1[0m" 200 -
INFO:flask_app:LOADING CAMERA
INFO:root:CAMERA INTERFACE: Started Camera Thread
INFO:flask_app:FLASK APP: LOADING THE ROBOT
INFO:flask_app:BRICKPIINTERFACE: Starting thermal sensor thread
INFO:flask_app:FLASK APP: LOADING THE SOUND
INFO:werkzeug:192.168.0.179 - - [05/Apr/2022 20:54:07] "[37mPOST /robotload HTTP/1.1[0m" 200 -
INFO:flask_app:FLASK APP: READING CAMERA
INFO:werkzeug:192.168.0.179 - - [05/Apr/2022 20:54:34] "[37mGET /videofeed HTTP/1.1[0m" 200 -
INFO:werkzeug: * Detected change in '/home/pi/Desktop/brickpi2022/flask_app.py', reloading
INFO:werkzeug: * Restarting with stat
WARNING:werkzeug: * Debugger is active!
INFO:werkzeug: * Debugger PIN: 449-678-323
INFO:werkzeug: * Running on http://0.0.0.0:5000/ (Press CTRL+C to quit)
INFO:werkzeug: * Restarting with stat
WARNING:werkzeug: * Debugger is active!
INFO:werkzeug: * Debugger PIN: 449-678-323
INFO:werkzeug:192.168.0.179 - - [05/Apr/2022 21:13:16] "[32mGET / HTTP/1.1[0m" 302 -
INFO:werkzeug:192.168.0.179 - - [05/Apr/2022 21:13:16] "[37mGET /dashboard HTTP/1.1[0m" 200 -
INFO:flask_app:LOADING CAMERA
INFO:root:CAMERA INTERFACE: Started Camera Thread
INFO:flask_app:FLASK APP: LOADING THE ROBOT
INFO:flask_app:BRICKPIINTERFACE: Starting thermal sensor thread
INFO:flask_app:FLASK APP: LOADING THE SOUND
INFO:werkzeug:192.168.0.179 - - [05/Apr/2022 21:13:25] "[37mPOST /robotload HTTP/1.1[0m" 200 -
INFO:flask_app:FLASK APP: READING CAMERA
INFO:werkzeug:192.168.0.179 - - [05/Apr/2022 21:13:25] "[37mGET /videofeed HTTP/1.1[0m" 200 -
INFO:flask_app:0.0010228902101516724
INFO:flask_app:IMU GYRO: 'int' object is not iterable
INFO:flask_app:7.26456506550312
INFO:flask_app:7.26456506550312
INFO:flask_app:7.230282291769981
INFO:flask_app:7.094576776027679
INFO:flask_app:6.8511426746845245
INFO:flask_app:6.420208245515823
INFO:flask_app:5.947982922196388
INFO:flask_app:5.044260695576668
INFO:flask_app:3.9360953122377396
INFO:flask_app:2.8533750027418137
INFO:flask_app:1.5406150668859482
INFO:flask_app:-0.24876046180725098
INFO:flask_app:-2.494760885834694
INFO:flask_app:-4.993017300963402
INFO:flask_app:-7.2019616812467575
INFO:flask_app:-8.670107319951057
INFO:flask_app:-10.204173818230629
INFO:flask_app:-11.647178828716278
INFO:flask_app:-13.295393645763397
INFO:flask_app:-14.70847150683403
INFO:flask_app:-16.09641569852829
INFO:flask_app:-17.471481651067734
INFO:flask_app:-19.45805111527443
INFO:flask_app:-21.187424451112747
INFO:flask_app:-22.647089034318924
INFO:flask_app:-23.846314817667007
INFO:flask_app:-25.120005935430527
INFO:flask_app:-26.693340301513672
INFO:flask_app:-28.134959787130356
INFO:flask_app:-29.44094368815422
INFO:flask_app:-30.81658835709095
INFO:flask_app:-32.642907068133354
INFO:flask_app:-34.11625112593174
INFO:flask_app:-35.11112894117832
INFO:flask_app:-36.372299149632454
INFO:flask_app:-37.94074399769306
INFO:flask_app:-39.18020285665989
INFO:flask_app:-40.27785387635231
INFO:flask_app:-41.76543100178242
INFO:flask_app:-43.36888475716114
INFO:flask_app:-44.44395802915096
INFO:flask_app:-45.6086658090353
INFO:flask_app:-46.82088319957256
INFO:flask_app:-48.15897051990032
INFO:flask_app:-50.676605224609375
INFO:flask_app:-52.07900357246399
INFO:flask_app:-53.57968109846115
INFO:flask_app:-56.19827765226364
INFO:flask_app:-57.57818688452244
INFO:flask_app:-58.86864010989666
INFO:flask_app:-60.1188393086195
INFO:flask_app:-61.4896150380373
INFO:flask_app:-62.88340336084366
INFO:flask_app:-64.79954397678375
INFO:flask_app:-66.22120599448681
INFO:flask_app:-68.0944755077362
INFO:flask_app:-69.46237021684647
INFO:flask_app:-70.6397163271904
INFO:flask_app:-72.57053372263908
INFO:flask_app:-74.13305354118347
INFO:flask_app:-76.02278119325638
INFO:flask_app:-77.26526938378811
INFO:flask_app:-78.9447544068098
INFO:flask_app:-81.03007028996944
INFO:flask_app:-82.72954384982586
INFO:flask_app:-84.84392821788788
INFO:flask_app:-86.44088141620159
INFO:flask_app:-88.25815354287624
INFO:werkzeug:192.168.0.179 - - [05/Apr/2022 21:14:28] "[37mPOST /turnleft HTTP/1.1[0m" 200 -
INFO:flask_app:0.0019182860851287842
INFO:flask_app:0.0028026700019836426
INFO:flask_app:0.005189865827560425
INFO:flask_app:0.05470876395702362
INFO:flask_app:0.07323013246059418
INFO:flask_app:0.13841116428375244
INFO:flask_app:0.24708569049835205
INFO:flask_app:0.5281379967927933
INFO:flask_app:0.9637894034385681
INFO:flask_app:1.8407074958086014
INFO:flask_app:3.055025592446327
INFO:flask_app:4.4524707943201065
INFO:flask_app:6.193716898560524
INFO:flask_app:7.79004593193531
INFO:flask_app:9.53285537660122
INFO:flask_app:11.508936271071434
INFO:flask_app:14.087147161364555
INFO:flask_app:16.956583380699158
INFO:flask_app:18.596814930438995
INFO:flask_app:19.647949039936066
INFO:flask_app:21.337489187717438
INFO:flask_app:22.529374212026596
INFO:flask_app:24.107619524002075
INFO:flask_app:25.62904116511345
INFO:flask_app:27.09299486875534
INFO:flask_app:28.383654534816742
INFO:flask_app:29.750932216644287
INFO:flask_app:30.950227215886116
INFO:flask_app:31.92300772666931
INFO:flask_app:33.07736414670944
INFO:flask_app:34.297580137848854
INFO:flask_app:35.59401401877403
INFO:flask_app:36.44099597632885
INFO:flask_app:37.58428303897381
INFO:flask_app:38.622632190585136
INFO:flask_app:39.6314230710268
INFO:flask_app:40.722927674651146
INFO:flask_app:42.0115679949522
INFO:flask_app:43.016312807798386
INFO:flask_app:43.806666508316994
INFO:flask_app:44.86062712967396
INFO:flask_app:45.644937232136726
INFO:flask_app:47.799411967396736
INFO:flask_app:48.782457038760185
INFO:flask_app:49.6730322688818
INFO:flask_app:50.98651887476444
INFO:flask_app:52.189316645264626
INFO:flask_app:52.83175505697727
INFO:flask_app:54.23955573141575
INFO:flask_app:55.25548978149891
INFO:flask_app:56.37320752441883
INFO:flask_app:57.69095553457737
INFO:flask_app:58.80519761145115
INFO:flask_app:59.73281881213188
INFO:flask_app:60.7838137447834
INFO:flask_app:61.917383790016174
INFO:flask_app:62.918872356414795
INFO:flask_app:63.946497052907944
INFO:flask_app:64.91670207679272
INFO:flask_app:67.19693274796009
INFO:flask_app:69.09359531104565
INFO:flask_app:69.93428610265255
INFO:flask_app:70.86466453969479
INFO:flask_app:71.56022183597088
INFO:flask_app:72.7904955893755
INFO:flask_app:74.2602833211422
INFO:flask_app:76.58121040463448
INFO:flask_app:77.45430788397789
INFO:flask_app:78.58623804152012
INFO:flask_app:79.22577907145023
INFO:flask_app:80.00002901256084
INFO:flask_app:80.74711321294308
INFO:flask_app:81.28435073792934
INFO:flask_app:82.03235267102718
INFO:flask_app:83.123220667243
INFO:flask_app:84.48017911612988
INFO:flask_app:85.17283026874065
INFO:flask_app:86.05428299307823
INFO:flask_app:87.03125169873238
INFO:werkzeug:192.168.0.179 - - [05/Apr/2022 21:14:31] "[37mPOST /turnright HTTP/1.1[0m" 200 -
INFO:werkzeug:192.168.0.179 - - [05/Apr/2022 21:14:52] "[35m[1mPOST /moveforward HTTP/1.1[0m" 500 -
INFO:werkzeug:192.168.0.179 - - [05/Apr/2022 21:14:55] "[37mPOST /movebackward HTTP/1.1[0m" 200 -
INFO:werkzeug:192.168.0.179 - - [05/Apr/2022 21:14:57] "[35m[1mPOST /moveforward HTTP/1.1[0m" 500 -
INFO:flask_app:0.0009854137897491455
INFO:flask_app:1.3515353202819824e-05
INFO:flask_app:-0.005463331937789917
INFO:flask_app:-0.026490062475204468
INFO:flask_app:-0.14290419220924377
INFO:flask_app:-1.1977396309375763
INFO:flask_app:-2.2830385118722916
INFO:flask_app:-3.7979528456926346
INFO:flask_app:-5.305752947926521
INFO:flask_app:-6.9458556324243546
INFO:flask_app:-8.41824309527874
INFO:flask_app:-10.054252043366432
INFO:flask_app:-11.604787454009056
INFO:flask_app:-13.225407719612122
INFO:flask_app:-14.79737152159214
INFO:flask_app:-17.027508035302162
INFO:flask_app:-18.5432391166687
INFO:flask_app:-20.693156898021698
INFO:flask_app:-22.28340518474579
INFO:flask_app:-23.955597281455994
INFO:flask_app:-25.94506697356701
INFO:flask_app:-27.43601457774639
INFO:flask_app:-29.52957884967327
INFO:flask_app:-31.211833760142326
INFO:flask_app:-33.16235928237438
INFO:flask_app:-34.638223335146904
INFO:flask_app:-35.74206383526325
INFO:flask_app:-37.031653597950935
INFO:flask_app:-38.67159400880337
INFO:flask_app:-40.280261501669884
INFO:flask_app:-41.68698410689831
INFO:flask_app:-43.27519582211971
INFO:flask_app:-44.37779428064823
INFO:flask_app:-45.91317981481552
INFO:flask_app:-46.93147295713425
INFO:flask_app:-48.343546748161316
INFO:flask_app:-49.68382075428963
INFO:flask_app:-51.21707858145237
INFO:flask_app:-52.57362200319767
INFO:flask_app:-54.29332226514816
INFO:flask_app:-55.68296238780022
INFO:flask_app:-56.86162266135216
INFO:flask_app:-57.91674670577049
INFO:flask_app:-58.98643593490124
INFO:flask_app:IMU GYRO: 'int' object is not iterable
INFO:flask_app:-49.923442646861076
INFO:flask_app:-51.34985922276974
INFO:flask_app:-53.44073985517025
INFO:flask_app:-54.40386675298214
INFO:flask_app:-56.23103056848049
INFO:flask_app:-57.39233781397343
INFO:flask_app:-58.30374093353748
INFO:flask_app:-58.969670847058296
INFO:flask_app:-60.11149479448795
INFO:flask_app:-61.5077598541975
INFO:flask_app:-62.3569323271513
INFO:flask_app:-63.13102526962757
INFO:flask_app:-64.13914559781551
INFO:flask_app:-64.9466894119978
INFO:flask_app:-65.81605923175812
INFO:flask_app:-66.51674163341522
INFO:flask_app:-67.3830791413784
INFO:flask_app:-68.84963968396187
INFO:flask_app:-70.04581385850906
INFO:flask_app:-71.07468631863594
INFO:flask_app:-72.55299900472164
INFO:flask_app:-73.9562741369009
INFO:flask_app:-75.53323864936829
INFO:flask_app:-77.39602243900299
INFO:flask_app:-79.35009753704071
INFO:flask_app:-80.56611739099026
INFO:flask_app:-82.08026273548603
INFO:flask_app:-83.70584362745285
INFO:flask_app:-85.25118587911129
INFO:flask_app:-86.32698802649975
INFO:flask_app:-87.5854347795248
INFO:werkzeug:192.168.0.179 - - [05/Apr/2022 21:14:59] "[37mPOST /turnleft HTTP/1.1[0m" 200 -
INFO:flask_app:-0.0035413652658462524
INFO:flask_app:0.002288416028022766
INFO:flask_app:0.04584409296512604
INFO:flask_app:0.1192711740732193
INFO:flask_app:0.19111983478069305
INFO:flask_app:0.40228883922100067
INFO:flask_app:0.9520459920167923
INFO:flask_app:1.806650087237358
INFO:flask_app:2.7223537117242813
INFO:flask_app:3.9212948977947235
INFO:flask_app:4.970683321356773
INFO:flask_app:6.129125639796257
INFO:flask_app:7.298214599490166
INFO:flask_app:8.595560014247894
INFO:flask_app:9.927673980593681
INFO:flask_app:11.444927662611008
INFO:flask_app:12.55474779009819
INFO:flask_app:13.555651038885117
INFO:flask_app:15.022445932030678
INFO:flask_app:16.18856991827488
INFO:flask_app:17.24521717429161
INFO:flask_app:18.10415545105934
INFO:flask_app:19.2396302819252
INFO:flask_app:20.49160072207451
INFO:flask_app:21.989132285118103
INFO:flask_app:22.960444569587708
INFO:flask_app:23.838252544403076
INFO:flask_app:25.194492399692535
INFO:flask_app:26.34863117337227
INFO:flask_app:27.22106972336769
INFO:flask_app:28.03833918273449
INFO:flask_app:29.1246105581522
INFO:flask_app:30.23865519464016
INFO:flask_app:31.209685638546944
INFO:flask_app:32.42722226679325
INFO:flask_app:33.494062051177025
INFO:flask_app:34.572467133402824
INFO:flask_app:35.595531076192856
INFO:flask_app:36.64664305746555
INFO:flask_app:37.86280530691147
INFO:flask_app:38.90247970819473
INFO:flask_app:40.00920829176903
INFO:flask_app:40.948829025030136
INFO:flask_app:41.87227186560631
INFO:flask_app:42.96940740942955
INFO:flask_app:44.61916992068291
INFO:flask_app:46.259203135967255
INFO:flask_app:47.54048082232475
INFO:flask_app:48.89211389422417
INFO:flask_app:49.97597140073776
INFO:flask_app:50.7354227155447
INFO:flask_app:51.485077783465385
INFO:flask_app:52.35589241981506
INFO:flask_app:53.66987778246403
INFO:flask_app:55.52291455864906
INFO:flask_app:56.8720960021019
INFO:flask_app:58.019664615392685
INFO:flask_app:58.97761033475399
INFO:flask_app:60.02152955532074
INFO:flask_app:61.34586527943611
INFO:flask_app:62.79522047936916
INFO:flask_app:64.0854860842228
INFO:flask_app:65.54559300839901
INFO:flask_app:66.78309987485409
INFO:flask_app:68.23542867600918
INFO:flask_app:69.45074348151684
INFO:flask_app:70.92248633503914
INFO:flask_app:72.37335553765297
INFO:flask_app:73.80851505696774
INFO:flask_app:75.02409361302853
INFO:flask_app:76.4612605124712
INFO:flask_app:77.84992952644825
INFO:flask_app:79.90606126189232
INFO:flask_app:81.40942065417767
INFO:flask_app:82.51946391165257
INFO:flask_app:83.7520154863596
INFO:flask_app:84.8835367411375
INFO:flask_app:86.02700699865818
INFO:flask_app:86.90846242010593
INFO:flask_app:87.80886653065681
INFO:werkzeug:192.168.0.179 - - [05/Apr/2022 21:15:02] "[37mPOST /turnright HTTP/1.1[0m" 200 -
INFO:flask_app:0.0
INFO:flask_app:0.012176960706710815
INFO:flask_app:0.5329460352659225
INFO:flask_app:1.3271774798631668
INFO:flask_app:1.959806427359581
INFO:flask_app:2.3666297048330307
INFO:flask_app:2.8186654299497604
INFO:flask_app:3.3562421798706055
INFO:flask_app:4.066287875175476
INFO:flask_app:4.846442759037018
INFO:flask_app:5.614766523241997
INFO:flask_app:6.2838005274534225
INFO:flask_app:6.8684160858392715
INFO:flask_app:7.481797710061073
INFO:flask_app:8.055439531803131
INFO:flask_app:8.450656324625015
INFO:flask_app:8.634954750537872
INFO:flask_app:8.750982582569122
INFO:flask_app:8.886863961815834
INFO:flask_app:9.107985407114029
INFO:flask_app:9.471688032150269
INFO:flask_app:9.956784009933472
INFO:flask_app:10.883832693099976
INFO:flask_app:11.484728142619133
INFO:flask_app:11.976942703127861
INFO:flask_app:12.99732306599617
INFO:flask_app:14.01998484134674
INFO:flask_app:14.989957600831985
INFO:flask_app:15.800002843141556
INFO:flask_app:16.611081272363663
INFO:flask_app:17.61090448498726
INFO:flask_app:18.658328741788864
INFO:werkzeug:192.168.0.179 - - [05/Apr/2022 21:15:24] "[37mPOST /turnright HTTP/1.1[0m" 200 -
INFO:flask_app:1.907905787229538
INFO:flask_app:3.145937532186508
INFO:flask_app:4.010265201330185
INFO:flask_app:4.755945056676865
INFO:flask_app:5.174923241138458
INFO:flask_app:5.539185881614685
INFO:flask_app:6.145715594291687
INFO:flask_app:6.948423445224762
INFO:flask_app:7.95525760948658
INFO:flask_app:8.635248854756355
INFO:flask_app:9.351554676890373
INFO:flask_app:10.342801928520203
INFO:flask_app:11.071749657392502
INFO:flask_app:11.662918731570244
INFO:flask_app:12.187662065029144
INFO:flask_app:12.697679817676544
INFO:flask_app:13.207952976226807
INFO:flask_app:14.14909690618515
INFO:flask_app:15.340223416686058
INFO:flask_app:16.209924682974815
INFO:flask_app:17.424292847514153
INFO:flask_app:18.83283545076847
INFO:flask_app:20.259897485375404
INFO:flask_app:21.208359614014626
INFO:flask_app:21.945529595017433
INFO:flask_app:23.06484603881836
INFO:flask_app:23.954922795295715
INFO:flask_app:25.319333761930466
INFO:flask_app:26.46065004169941
INFO:flask_app:27.08919505774975
INFO:flask_app:28.048529267311096
INFO:flask_app:28.932058840990067
INFO:flask_app:30.114821523427963
INFO:flask_app:30.680502235889435
INFO:flask_app:31.545704573392868
INFO:flask_app:32.69465474784374
INFO:flask_app:33.634947434067726
INFO:flask_app:34.46459652483463
INFO:flask_app:35.37525476515293
INFO:flask_app:36.55682182312012
INFO:flask_app:37.77093930542469
INFO:flask_app:38.47073031961918
INFO:flask_app:39.39122314751148
INFO:flask_app:40.22180753946304
INFO:flask_app:41.04259926080704
INFO:flask_app:41.70727035403252
INFO:flask_app:42.318393260240555
INFO:flask_app:43.12495645880699
INFO:werkzeug:192.168.0.179 - - [05/Apr/2022 21:15:24] "[37mPOST /turnright HTTP/1.1[0m" 200 -
INFO:flask_app:0.8855438232421875
INFO:flask_app:1.7791580855846405
INFO:flask_app:2.428273320198059
INFO:flask_app:2.9162776470184326
INFO:flask_app:3.3937744200229645
INFO:flask_app:0.5537189841270447
INFO:flask_app:3.903965175151825
INFO:flask_app:1.1116463989019394
INFO:flask_app:IMU GYRO: [Errno 5] Input/output error
INFO:flask_app:5.894065842032433
INFO:flask_app:3.880095601081848
INFO:flask_app:6.521514669060707
INFO:flask_app:4.534698247909546
INFO:flask_app:7.241182088851929
INFO:flask_app:5.268286809325218
INFO:flask_app:7.910714149475098
INFO:flask_app:6.000833705067635
INFO:flask_app:8.707064151763916
INFO:flask_app:6.9346556812524796
INFO:flask_app:9.747113049030304
INFO:flask_app:7.87284143269062
INFO:flask_app:11.00947818160057
INFO:flask_app:8.692350700497627
INFO:flask_app:11.760198876261711
INFO:flask_app:9.417123809456825
INFO:flask_app:IMU GYRO: [Errno 5] Input/output error
INFO:flask_app:IMU GYRO: [Errno 5] Input/output error
INFO:flask_app:21.07447223365307
INFO:flask_app:15.426171079277992
INFO:flask_app:IMU GYRO: [Errno 5] Input/output error
INFO:flask_app:IMU GYRO: [Errno 5] Input/output error
INFO:flask_app:26.98824743926525
INFO:flask_app:20.3243460804224
INFO:werkzeug:192.168.0.179 - - [05/Apr/2022 21:15:25] "[37mPOST /turnright HTTP/1.1[0m" 200 -
INFO:werkzeug:192.168.0.179 - - [05/Apr/2022 21:15:25] "[37mPOST /turnright HTTP/1.1[0m" 200 -
INFO:werkzeug:192.168.0.179 - - [05/Apr/2022 21:15:25] "[37mPOST /turnleft HTTP/1.1[0m" 200 -
INFO:werkzeug:192.168.0.179 - - [05/Apr/2022 21:15:26] "[37mPOST /turnright HTTP/1.1[0m" 200 -
INFO:werkzeug:192.168.0.179 - - [05/Apr/2022 21:15:34] "[37mPOST /shoot HTTP/1.1[0m" 200 -
INFO:werkzeug:192.168.0.179 - - [05/Apr/2022 21:15:36] "[37mPOST /shoot HTTP/1.1[0m" 200 -
INFO:werkzeug:192.168.0.179 - - [05/Apr/2022 21:15:49] "[37mPOST /shoot HTTP/1.1[0m" 200 -
INFO:werkzeug:192.168.0.179 - - [05/Apr/2022 21:15:51] "[37mPOST /reloadpackage HTTP/1.1[0m" 200 -
INFO:werkzeug:192.168.0.179 - - [05/Apr/2022 21:16:16] "[37mPOST /shoot HTTP/1.1[0m" 200 -
INFO:werkzeug:192.168.0.179 - - [05/Apr/2022 21:16:44] "[37mPOST /shoot HTTP/1.1[0m" 200 -
INFO:werkzeug:192.168.0.179 - - [05/Apr/2022 21:17:18] "[37mPOST /reloadpackage HTTP/1.1[0m" 200 -
INFO:werkzeug:192.168.0.179 - - [05/Apr/2022 21:17:19] "[37mPOST /reloadpackage HTTP/1.1[0m" 200 -
INFO:werkzeug:192.168.0.179 - - [05/Apr/2022 21:17:28] "[37mPOST /shoot HTTP/1.1[0m" 200 -
INFO:werkzeug:192.168.0.179 - - [05/Apr/2022 21:17:39] "[37mPOST /shoot HTTP/1.1[0m" 200 -
INFO:werkzeug:192.168.0.179 - - [05/Apr/2022 21:17:43] "[37mPOST /reloadpackage HTTP/1.1[0m" 200 -
INFO:werkzeug:192.168.0.179 - - [05/Apr/2022 21:17:45] "[37mPOST /reloadpackage HTTP/1.1[0m" 200 -
INFO:werkzeug:192.168.0.179 - - [05/Apr/2022 21:17:51] "[37mPOST /shoot HTTP/1.1[0m" 200 -
INFO:werkzeug:192.168.0.179 - - [05/Apr/2022 21:18:12] "[37mPOST /shoot HTTP/1.1[0m" 200 -
INFO:werkzeug: * Detected change in '/home/pi/Desktop/brickpi2022/flask_app.py', reloading
